0 info it worked if it ends with ok
1 verbose cli [ 'C:\\Program Files\\nodejs\\\\node.exe',
1 verbose cli   'C:\\Program Files\\nodejs\\node_modules\\npm\\bin\\npm-cli.js',
1 verbose cli   'install',
1 verbose cli   '--save-dev',
1 verbose cli   'http-js' ]
2 info using npm@2.7.4
3 info using node@v0.12.2
4 verbose node symlink C:\Program Files\nodejs\\node.exe
5 warn package.json ma04_starter@1.0.0 No repository field.
6 warn package.json http@0.0.0 http is also the name of a node core module.
7 warn package.json http@0.0.0 No description
8 warn package.json http@0.0.0 No repository field.
9 warn package.json http@0.0.0 No README data
10 silly cache add args [ 'http-js', null ]
11 verbose cache add spec http-js
12 silly cache add parsed spec { raw: 'http-js',
12 silly cache add   scope: null,
12 silly cache add   name: 'http-js',
12 silly cache add   rawSpec: '',
12 silly cache add   spec: '*',
12 silly cache add   type: 'range' }
13 verbose addNamed http-js@*
14 silly addNamed semver.valid null
15 silly addNamed semver.validRange *
16 silly addNameRange { name: 'http-js', range: '*', hasData: false }
17 silly mapToRegistry name http-js
18 silly mapToRegistry using default registry
19 silly mapToRegistry registry https://registry.npmjs.org/
20 silly mapToRegistry uri https://registry.npmjs.org/http-js
21 verbose addNameRange registry:https://registry.npmjs.org/http-js not in flight; fetching
22 verbose request uri https://registry.npmjs.org/http-js
23 verbose request no auth needed
24 info attempt registry request try #1 at 12:24:39 PM
25 verbose request id ff82e52052add47f
26 verbose etag "CZ8L3Q3XZCVA36JT8O2JXIVUU"
27 http request GET https://registry.npmjs.org/http-js
28 http 304 https://registry.npmjs.org/http-js
29 silly get cb [ 304,
29 silly get   { date: 'Mon, 06 Jul 2015 17:24:39 GMT',
29 silly get     via: '1.1 varnish',
29 silly get     'cache-control': 'max-age=60',
29 silly get     etag: '"CZ8L3Q3XZCVA36JT8O2JXIVUU"',
29 silly get     age: '0',
29 silly get     connection: 'keep-alive',
29 silly get     'x-served-by': 'cache-iad2125-IAD',
29 silly get     'x-cache': 'MISS',
29 silly get     'x-cache-hits': '0',
29 silly get     'x-timer': 'S1436203479.707969,VS0,VE62',
29 silly get     vary: 'Accept' } ]
30 verbose etag https://registry.npmjs.org/http-js from cache
31 verbose get saving http-js to C:\Users\ThompsonBN\AppData\Roaming\npm-cache\registry.npmjs.org\http-js\.cache.json
32 silly addNameRange number 2 { name: 'http-js', range: '*', hasData: true }
33 silly addNameRange versions [ 'http-js', [ '0.0.0', '0.0.1' ] ]
34 verbose addNamed http-js@0.0.1
35 silly addNamed semver.valid 0.0.1
36 silly addNamed semver.validRange 0.0.1
37 silly cache afterAdd http-js@0.0.1
38 verbose afterAdd C:\Users\ThompsonBN\AppData\Roaming\npm-cache\http-js\0.0.1\package\package.json not in flight; writing
39 verbose afterAdd C:\Users\ThompsonBN\AppData\Roaming\npm-cache\http-js\0.0.1\package\package.json written
40 silly install resolved [ { name: 'http-js',
40 silly install resolved     version: '0.0.1',
40 silly install resolved     description: 'A HTTP utilities library for client-side applications.',
40 silly install resolved     homepage: 'https://github.com/jussi-kalliokoski/http.js',
40 silly install resolved     license: 'MIT',
40 silly install resolved     authors: [ 'Jussi Kalliokoski <jussi.kalliokoski@gmail.com>' ],
40 silly install resolved     keywords: [ 'http', 'request', 'browser', 'utilities', 'promises' ],
40 silly install resolved     bugs: { url: 'https://github.com/jussi-kalliokoski/http.js/issues' },
40 silly install resolved     main: 'dist/http.js',
40 silly install resolved     files: [ 'dist' ],
40 silly install resolved     directories: { test: 'test' },
40 silly install resolved     scripts:
40 silly install resolved      { coveralls: 'lcov-result-merger "coverage/*/lcov.info" | COVERALLS_SERVICE_NAME="travis-ci" ./node_modules/.bin/coveralls',
40 silly install resolved        postinstall: 'bower install',
40 silly install resolved        prepublish: 'gulp build',
40 silly install resolved        test: 'gulp test' },
40 silly install resolved     repository:
40 silly install resolved      { type: 'git',
40 silly install resolved        url: 'git://github.com/jussi-kalliokoski/http.js' },
40 silly install resolved     devDependencies:
40 silly install resolved      { 'bdd-using': '^0.1.0',
40 silly install resolved        bower: '^1.3.3',
40 silly install resolved        coveralls: '^2.10.0',
40 silly install resolved        gulp: '^3.6.2',
40 silly install resolved        'gulp-concat': '^2.2.0',
40 silly install resolved        'gulp-jscs': '^0.5.0',
40 silly install resolved        'gulp-jshint': '^1.6.1',
40 silly install resolved        'gulp-karma': '0.0.4',
40 silly install resolved        karma: '^0.12.16',
40 silly install resolved        'karma-bdd-using': '^0.1.0',
40 silly install resolved        'karma-browserstack-launcher': '0.0.8',
40 silly install resolved        'karma-coverage': '^0.2.1',
40 silly install resolved        'karma-expect': '^1.1.0',
40 silly install resolved        'karma-mocha': '^0.1.3',
40 silly install resolved        'karma-mocha-reporter': '^0.2.5',
40 silly install resolved        'karma-phantomjs-launcher': '^0.1.4',
40 silly install resolved        'karma-sinon': '^1.0.3',
40 silly install resolved        'lcov-result-merger': '0.0.2',
40 silly install resolved        mocha: '^1.19.0',
40 silly install resolved        sinon: '^1.10.2' },
40 silly install resolved     gitHead: 'd90968b36a05030a01f44d1a97b97041e04e1455',
40 silly install resolved     _id: 'http-js@0.0.1',
40 silly install resolved     _shasum: '93dc2334e741b60b4310cd5bfe03fbd305fa5b56',
40 silly install resolved     _from: 'http-js@*',
40 silly install resolved     _npmVersion: '1.4.14',
40 silly install resolved     _npmUser:
40 silly install resolved      { name: 'jussi-kalliokoski',
40 silly install resolved        email: 'jussi.kalliokoski@gmail.com' },
40 silly install resolved     maintainers: [ [Object] ],
40 silly install resolved     dist:
40 silly install resolved      { shasum: '93dc2334e741b60b4310cd5bfe03fbd305fa5b56',
40 silly install resolved        tarball: 'http://registry.npmjs.org/http-js/-/http-js-0.0.1.tgz' },
40 silly install resolved     _resolved: 'https://registry.npmjs.org/http-js/-/http-js-0.0.1.tgz',
40 silly install resolved     readme: 'ERROR: No README data found!' } ]
41 info install http-js@0.0.1 into C:\mobile_class\Soleil_Tan_060815\soleil_tan\www
42 info installOne http-js@0.0.1
43 verbose installOne of http-js to C:\mobile_class\Soleil_Tan_060815\soleil_tan\www not in flight; installing
44 verbose lock using C:\Users\ThompsonBN\AppData\Roaming\npm-cache\_locks\http-js-21f86144fd08205b.lock for C:\mobile_class\Soleil_Tan_060815\soleil_tan\www\node_modules\http-js
45 silly install write writing http-js 0.0.1 to C:\mobile_class\Soleil_Tan_060815\soleil_tan\www\node_modules\http-js
46 silly cache addNamed cb http-js@0.0.1
47 verbose unbuild node_modules\http-js
48 silly gentlyRm C:\mobile_class\Soleil_Tan_060815\soleil_tan\www\node_modules\http-js is being purged from base C:\mobile_class\Soleil_Tan_060815\soleil_tan\www
49 verbose gentlyRm don't care about contents; nuking C:\mobile_class\Soleil_Tan_060815\soleil_tan\www\node_modules\http-js
50 verbose tar unpack C:\Users\ThompsonBN\AppData\Roaming\npm-cache\http-js\0.0.1\package.tgz
51 verbose tar unpacking to C:\mobile_class\Soleil_Tan_060815\soleil_tan\www\node_modules\http-js
52 silly gentlyRm C:\mobile_class\Soleil_Tan_060815\soleil_tan\www\node_modules\http-js is being purged
53 verbose gentlyRm don't care about contents; nuking C:\mobile_class\Soleil_Tan_060815\soleil_tan\www\node_modules\http-js
54 silly gunzTarPerm modes [ '777', '666' ]
55 silly gunzTarPerm extractEntry package.json
56 silly gunzTarPerm modified mode [ 'package.json', 420, 438 ]
57 silly gunzTarPerm extractEntry README.md
58 silly gunzTarPerm modified mode [ 'README.md', 420, 438 ]
59 info preinstall http-js@0.0.1
60 silly install resolved []
61 verbose about to build C:\mobile_class\Soleil_Tan_060815\soleil_tan\www\node_modules\http-js
62 info build C:\mobile_class\Soleil_Tan_060815\soleil_tan\www\node_modules\http-js
63 verbose linkStuff [ false,
63 verbose linkStuff   false,
63 verbose linkStuff   false,
63 verbose linkStuff   'C:\\mobile_class\\Soleil_Tan_060815\\soleil_tan\\www\\node_modules' ]
64 info linkStuff http-js@0.0.1
65 verbose linkBins http-js@0.0.1
66 verbose linkMans http-js@0.0.1
67 verbose rebuildBundles http-js@0.0.1
68 info install http-js@0.0.1
69 info postinstall http-js@0.0.1
70 verbose unsafe-perm in lifecycle true
71 info http-js@0.0.1 Failed to exec postinstall script
72 verbose unlock done using C:\Users\ThompsonBN\AppData\Roaming\npm-cache\_locks\http-js-21f86144fd08205b.lock for C:\mobile_class\Soleil_Tan_060815\soleil_tan\www\node_modules\http-js
73 verbose stack Error: http-js@0.0.1 postinstall: `bower install`
73 verbose stack Exit status 1
73 verbose stack     at EventEmitter.<anonymous> (C:\Program Files\nodejs\node_modules\npm\lib\utils\lifecycle.js:213:16)
73 verbose stack     at EventEmitter.emit (events.js:110:17)
73 verbose stack     at ChildProcess.<anonymous> (C:\Program Files\nodejs\node_modules\npm\lib\utils\spawn.js:14:12)
73 verbose stack     at ChildProcess.emit (events.js:110:17)
73 verbose stack     at maybeClose (child_process.js:1015:16)
73 verbose stack     at Process.ChildProcess._handle.onexit (child_process.js:1087:5)
74 verbose pkgid http-js@0.0.1
75 verbose cwd C:\mobile_class\Soleil_Tan_060815\soleil_tan\www
76 error Windows_NT 6.1.7601
77 error argv "C:\\Program Files\\nodejs\\\\node.exe" "C:\\Program Files\\nodejs\\node_modules\\npm\\bin\\npm-cli.js" "install" "--save-dev" "http-js"
78 error node v0.12.2
79 error npm  v2.7.4
80 error code ELIFECYCLE
81 error http-js@0.0.1 postinstall: `bower install`
81 error Exit status 1
82 error Failed at the http-js@0.0.1 postinstall script 'bower install'.
82 error This is most likely a problem with the http-js package,
82 error not with npm itself.
82 error Tell the author that this fails on your system:
82 error     bower install
82 error You can get their info via:
82 error     npm owner ls http-js
82 error There is likely additional logging output above.
83 verbose exit [ 1, true ]
84 verbose unbuild node_modules\http-js
85 info preuninstall http-js@0.0.1
86 info uninstall http-js@0.0.1
87 verbose unbuild rmStuff http-js@0.0.1 from C:\mobile_class\Soleil_Tan_060815\soleil_tan\www\node_modules
88 info postuninstall http-js@0.0.1
89 silly gentlyRm C:\mobile_class\Soleil_Tan_060815\soleil_tan\www\node_modules\http-js is being purged from base C:\mobile_class\Soleil_Tan_060815\soleil_tan\www
90 verbose gentlyRm don't care about contents; nuking C:\mobile_class\Soleil_Tan_060815\soleil_tan\www\node_modules\http-js
91 silly vacuum-fs purging C:\mobile_class\Soleil_Tan_060815\soleil_tan\www\node_modules\http-js
92 silly vacuum-fs quitting because other entries in C:\mobile_class\Soleil_Tan_060815\soleil_tan\www\node_modules
